Lmod Warning: This module was built for an older platform and may not work
correctly! 
While processing the following module(s):
    Module fullname  Module Filename
    ---------------  ---------------
    gcc/13.2.0       /opt/apps/lmod/modulefiles/gcc/13.2.0.lua

Lmod Warning: Please use a newer version of this module for compatibility with
Euler Generation 8. 
While processing the following module(s):
    Module fullname  Module Filename
    ---------------  ---------------
    gcc/13.2.0       /opt/apps/lmod/modulefiles/gcc/13.2.0.lua

Launching 96 threads...
Thread 0 running on CPU core
Thread 1 running on CPU core
Thread 2 running on CPU core
Thread 3 running on CPU core
Thread 6 running on CPU core
Thread 4 running on CPU core
Thread 7 running on CPU core
Thread 5 running on CPU core
Thread 8 running on CPU core
Thread 9 running on CPU core
Thread 11 running on CPU core
Thread 10 running on CPU core
Thread 12 running on CPU core
Thread 13 running on CPU core
Thread 14 running on CPU core
Thread 16 running on CPU core
Thread 17 running on CPU core
Thread 15 running on CPU core
Thread 18 running on CPU core
Thread 19 running on CPU core
Thread 20 running on CPU core
Thread 22 running on CPU core
Thread 21 running on CPU core
Thread 23 running on CPU core
Thread 24 running on CPU core
Thread 25 running on CPU core
Thread 26 running on CPU core
Thread 27 running on CPU core
Thread 28 running on CPU core
Thread 29 running on CPU core
Thread 30 running on CPU core
Thread 31 running on CPU core
Thread 32 running on CPU core
Thread 33 running on CPU core
Thread 34 running on CPU core
Thread 35 running on CPU core
Thread 36 running on CPU core
Thread 37 running on CPU core
Thread 38 running on CPU core
Thread 39 running on CPU core
Thread 40 running on CPU core
Thread 41 running on CPU core
Thread 42 running on CPU core
Thread 43 running on CPU core
Thread 44 running on CPU core
Thread 45 running on CPU core
Thread 46 running on CPU core
Thread 47 running on CPU core
Thread 48 running on CPU core
Thread 49 running on CPU core
Thread 50 running on CPU core
Thread 51 running on CPU core
Thread 52 running on CPU core
Thread 53 running on CPU core
Thread 54 running on CPU core
Thread 55 running on CPU core
Thread 56 running on CPU core
Thread 57 running on CPU core
Thread 58 running on CPU core
Thread 59 running on CPU core
Thread 60 running on CPU core
Thread 61 running on CPU core
Thread 62 running on CPU core
Thread 63 running on CPU core
Thread 64 running on CPU core
Thread 65 running on CPU core
Thread 66 running on CPU core
Thread 67 running on CPU core
Thread 68 running on CPU core
Thread 69 running on CPU core
Thread 70 running on CPU core
Thread 71 running on CPU core
Thread 72 running on CPU core
Thread 73 running on CPU core
Thread 74 running on CPU core
Thread 75 running on CPU core
Thread 76 running on CPU core
Thread 77 running on CPU core
Thread 78 running on CPU core
Thread 79 running on CPU core
Thread 80 running on CPU core
Thread 81 running on CPU core
Thread 82 running on CPU core
Thread 83 running on CPU core
Thread 84 running on CPU core
Thread 85 running on CPU core
Thread 86 running on CPU core
Thread 87 running on CPU core
Thread 88 running on CPU core
Thread 89 running on CPU core
Thread 90 running on CPU core
Thread 91 running on CPU core
Thread 92 running on CPU core
Thread 93 running on CPU core
Thread 94 running on CPU core
Thread 95 running on CPU core
